[INFO] Scanning for projects...
[INFO] 
[INFO] ------------------------< com.hms:hms-backend >-------------------------
[INFO] Building hms-backend 0.0.1-SNAPSHOT
[INFO]   from pom.xml
[INFO] --------------------------------[ jar ]---------------------------------
[INFO] 
[INFO] --- clean:3.4.1:clean (default-clean) @ hms-backend ---
[INFO] Deleting C:\Users\vivek\OneDrive\Desktop\HMS\hms-backend\target
[INFO] 
[INFO] --- resources:3.3.1:resources (default-resources) @ hms-backend ---
[INFO] Copying 1 resource from src\main\resources to target\classes
[INFO] Copying 0 resource from src\main\resources to target\classes
[INFO] 
[INFO] --- compiler:3.14.1:compile (default-compile) @ hms-backend ---
[INFO] Recompiling the module because of changed source code.
[INFO] Compiling 77 source files with javac [debug parameters release 17] to target\classes
[INFO] /C:/Users/vivek/OneDrive/Desktop/HMS/hms-backend/src/main/java/com/hms/security/SecurityConfig.java: C:\Users\vivek\OneDrive\Desktop\HMS\hms-backend\src\main\java\com\hms\security\SecurityConfig.java uses or overrides a deprecated API.
[INFO] /C:/Users/vivek/OneDrive/Desktop/HMS/hms-backend/src/main/java/com/hms/security/SecurityConfig.java: Recompile with -Xlint:deprecation for details.
[INFO] Some messages have been simplified; recompile with -Xdiags:verbose to get full output
[INFO] -------------------------------------------------------------
[ERROR] COMPILATION ERROR : 
[INFO] -------------------------------------------------------------
[ERROR] /C:/Users/vivek/OneDrive/Desktop/HMS/hms-backend/src/main/java/com/hms/service/AdminService.java:[255,59] incompatible types: double cannot be converted to java.lang.Integer
[INFO] 1 error
[INFO] -------------------------------------------------------------
[INFO] ------------------------------------------------------------------------
[INFO] BUILD FAILURE
[INFO] ------------------------------------------------------------------------
[INFO] Total time:  7.489 s
[INFO] Finished at: 2026-02-09T22:22:39+05:30
[INFO] ------------------------------------------------------------------------
[ERROR] Failed to execute goal org.apache.maven.plugins:maven-compiler-plugin:3.14.1:compile (default-compile) on project hms-backend: Compilation failure
[ERROR] /C:/Users/vivek/OneDrive/Desktop/HMS/hms-backend/src/main/java/com/hms/service/AdminService.java:[255,59] incompatible types: double cannot be converted to java.lang.Integer
[ERROR] 
[ERROR] -> [Help 1]
[ERROR] 
[ERROR] To see the full stack trace of the errors, re-run Maven with the -e switch.
[ERROR] Re-run Maven using the -X switch to enable full debug logging.
[ERROR] 
[ERROR] For more information about the errors and possible solutions, please read the following articles:
[ERROR] [Help 1] http://cwiki.apache.org/confluence/display/MAVEN/MojoFailureException
